0 info it worked if it ends with ok
1 verbose cli [ '/usr/bin/nodejs', '/usr/bin/npm', 'run', 'build' ]
2 info using npm@3.5.2
3 info using node@v4.2.6
4 verbose run-script [ 'prebuild', 'build', 'postbuild' ]
5 info lifecycle i2x-challenge@1.0.0~prebuild: i2x-challenge@1.0.0
6 silly lifecycle i2x-challenge@1.0.0~prebuild: no script for prebuild, continuing
7 info lifecycle i2x-challenge@1.0.0~build: i2x-challenge@1.0.0
8 verbose lifecycle i2x-challenge@1.0.0~build: unsafe-perm in lifecycle true
9 verbose lifecycle i2x-challenge@1.0.0~build: PATH: /usr/share/npm/bin/node-gyp-bin:/home/khurram/projects/i2xChallenge/node_modules/.bin:/usr/local/sbin:/usr/local/bin:/usr/sbin:/usr/bin:/sbin:/bin:/snap/bin
10 verbose lifecycle i2x-challenge@1.0.0~build: CWD: /home/khurram/projects/i2xChallenge
11 silly lifecycle i2x-challenge@1.0.0~build: Args: [ '-c', 'webpack -p' ]
12 info lifecycle i2x-challenge@1.0.0~build: Failed to exec build script
13 verbose stack Error: i2x-challenge@1.0.0 build: `webpack -p`
13 verbose stack spawn ENOENT
13 verbose stack     at ChildProcess.<anonymous> (/usr/share/npm/lib/utils/spawn.js:17:16)
13 verbose stack     at emitTwo (events.js:87:13)
13 verbose stack     at ChildProcess.emit (events.js:172:7)
13 verbose stack     at maybeClose (internal/child_process.js:821:16)
13 verbose stack     at Process.ChildProcess._handle.onexit (internal/child_process.js:211:5)
14 verbose pkgid i2x-challenge@1.0.0
15 verbose cwd /home/khurram/projects/i2xChallenge
16 error Linux 4.10.0-27-generic
17 error argv "/usr/bin/nodejs" "/usr/bin/npm" "run" "build"
18 error node v4.2.6
19 error npm  v3.5.2
20 error file sh
21 error code ELIFECYCLE
22 error errno ENOENT
23 error syscall spawn
24 error i2x-challenge@1.0.0 build: `webpack -p`
24 error spawn ENOENT
25 error Failed at the i2x-challenge@1.0.0 build script 'webpack -p'.
25 error Make sure you have the latest version of node.js and npm installed.
25 error If you do, this is most likely a problem with the i2x-challenge package,
25 error not with npm itself.
25 error Tell the author that this fails on your system:
25 error     webpack -p
25 error You can get information on how to open an issue for this project with:
25 error     npm bugs i2x-challenge
25 error Or if that isn't available, you can get their info via:
25 error     npm owner ls i2x-challenge
25 error There is likely additional logging output above.
26 verbose exit [ 1, true ]
